2011/11/16 10:28:57 [error] [exception.CDbException] exception 'CDbException' with message 'CDbConnection failed to open the DB connection: could not find driver' in /srv/www/htdocs/yii/framework/db/CDbConnection.php:364
Stack trace:
#0 /srv/www/htdocs/yii/framework/db/CDbConnection.php(313): CDbConnection->open()
#1 /srv/www/htdocs/yii/framework/db/CDbConnection.php(291): CDbConnection->setActive(true)
#2 /srv/www/htdocs/yii/framework/base/CModule.php(372): CDbConnection->init()
#3 /srv/www/htdocs/yii/framework/base/CModule.php(86): CModule->getComponent('db')
#4 /srv/www/htdocs/yii/framework/gii/generators/crud/CrudCode.php(44): CModule->__get('db')
#5 /srv/www/htdocs/yii/framework/web/CFormModel.php(40): CrudCode->init()
#6 /srv/www/htdocs/yii/framework/gii/CCodeGenerator.php(149): CFormModel->__construct()
#7 /srv/www/htdocs/yii/framework/gii/CCodeGenerator.php(61): CCodeGenerator->prepare()
#8 /srv/www/htdocs/yii/framework/web/actions/CInlineAction.php(50): CCodeGenerator->actionIndex()
#9 /srv/www/htdocs/yii/framework/web/CController.php(300): CInlineAction->runWithParams(Array)
#10 /srv/www/htdocs/yii/framework/web/CController.php(278): CController->runAction(Object(CInlineAction))
#11 /srv/www/htdocs/yii/framework/web/CController.php(257): CController->runActionWithFilters(Object(CInlineAction), Array)
#12 /srv/www/htdocs/yii/framework/web/CWebApplication.php(277): CController->run('')
#13 /srv/www/htdocs/yii/framework/web/CWebApplication.php(136): CWebApplication->runController('gii/crud')
#14 /srv/www/htdocs/yii/framework/base/CApplication.php(158): CWebApplication->processRequest()
#15 /srv/www/htdocs/yii/Oracle/index.php(13): CApplication->run()
#16 {main} REQUEST_URI=/yii/Oracle/index.php?r=gii/crud
2011/11/16 10:29:11 [error] [exception.CDbException] exception 'CDbException' with message 'CDbConnection failed to open the DB connection: could not find driver' in /srv/www/htdocs/yii/framework/db/CDbConnection.php:364
Stack trace:
#0 /srv/www/htdocs/yii/framework/db/CDbConnection.php(313): CDbConnection->open()
#1 /srv/www/htdocs/yii/framework/db/CDbConnection.php(291): CDbConnection->setActive(true)
#2 /srv/www/htdocs/yii/framework/base/CModule.php(372): CDbConnection->init()
#3 /srv/www/htdocs/yii/framework/base/CModule.php(86): CModule->getComponent('db')
#4 /srv/www/htdocs/yii/framework/gii/generators/crud/CrudCode.php(44): CModule->__get('db')
#5 /srv/www/htdocs/yii/framework/web/CFormModel.php(40): CrudCode->init()
#6 /srv/www/htdocs/yii/framework/gii/CCodeGenerator.php(149): CFormModel->__construct()
#7 /srv/www/htdocs/yii/framework/gii/CCodeGenerator.php(61): CCodeGenerator->prepare()
#8 /srv/www/htdocs/yii/framework/web/actions/CInlineAction.php(50): CCodeGenerator->actionIndex()
#9 /srv/www/htdocs/yii/framework/web/CController.php(300): CInlineAction->runWithParams(Array)
#10 /srv/www/htdocs/yii/framework/web/CController.php(278): CController->runAction(Object(CInlineAction))
#11 /srv/www/htdocs/yii/framework/web/CController.php(257): CController->runActionWithFilters(Object(CInlineAction), Array)
#12 /srv/www/htdocs/yii/framework/web/CWebApplication.php(277): CController->run('')
#13 /srv/www/htdocs/yii/framework/web/CWebApplication.php(136): CWebApplication->runController('gii/crud')
#14 /srv/www/htdocs/yii/framework/base/CApplication.php(158): CWebApplication->processRequest()
#15 /srv/www/htdocs/yii/Oracle/index.php(13): CApplication->run()
#16 {main} REQUEST_URI=/yii/Oracle/index.php?r=gii/crud
2011/11/16 10:31:08 [error] [exception.CDbException] exception 'CDbException' with message 'CDbConnection failed to open the DB connection: could not find driver' in /srv/www/htdocs/yii/framework/db/CDbConnection.php:364
Stack trace:
#0 /srv/www/htdocs/yii/framework/db/CDbConnection.php(313): CDbConnection->open()
#1 /srv/www/htdocs/yii/framework/db/CDbConnection.php(291): CDbConnection->setActive(true)
#2 /srv/www/htdocs/yii/framework/base/CModule.php(372): CDbConnection->init()
#3 /srv/www/htdocs/yii/framework/base/CModule.php(86): CModule->getComponent('db')
#4 /srv/www/htdocs/yii/framework/gii/generators/crud/CrudCode.php(44): CModule->__get('db')
#5 /srv/www/htdocs/yii/framework/web/CFormModel.php(40): CrudCode->init()
#6 /srv/www/htdocs/yii/framework/gii/CCodeGenerator.php(149): CFormModel->__construct()
#7 /srv/www/htdocs/yii/framework/gii/CCodeGenerator.php(61): CCodeGenerator->prepare()
#8 /srv/www/htdocs/yii/framework/web/actions/CInlineAction.php(50): CCodeGenerator->actionIndex()
#9 /srv/www/htdocs/yii/framework/web/CController.php(300): CInlineAction->runWithParams(Array)
#10 /srv/www/htdocs/yii/framework/web/CController.php(278): CController->runAction(Object(CInlineAction))
#11 /srv/www/htdocs/yii/framework/web/CController.php(257): CController->runActionWithFilters(Object(CInlineAction), Array)
#12 /srv/www/htdocs/yii/framework/web/CWebApplication.php(277): CController->run('')
#13 /srv/www/htdocs/yii/framework/web/CWebApplication.php(136): CWebApplication->runController('gii/crud')
#14 /srv/www/htdocs/yii/framework/base/CApplication.php(158): CWebApplication->processRequest()
#15 /srv/www/htdocs/yii/Oracle/index.php(13): CApplication->run()
#16 {main} REQUEST_URI=/yii/Oracle/index.php?r=gii/crud
2011/11/16 10:31:20 [error] [exception.CDbException] exception 'CDbException' with message 'CDbConnection failed to open the DB connection: could not find driver' in /srv/www/htdocs/yii/framework/db/CDbConnection.php:364
Stack trace:
#0 /srv/www/htdocs/yii/framework/db/CDbConnection.php(313): CDbConnection->open()
#1 /srv/www/htdocs/yii/framework/db/CDbConnection.php(291): CDbConnection->setActive(true)
#2 /srv/www/htdocs/yii/framework/base/CModule.php(372): CDbConnection->init()
#3 /srv/www/htdocs/yii/framework/base/CModule.php(86): CModule->getComponent('db')
#4 /srv/www/htdocs/yii/framework/gii/generators/crud/CrudCode.php(44): CModule->__get('db')
#5 /srv/www/htdocs/yii/framework/web/CFormModel.php(40): CrudCode->init()
#6 /srv/www/htdocs/yii/framework/gii/CCodeGenerator.php(149): CFormModel->__construct()
#7 /srv/www/htdocs/yii/framework/gii/CCodeGenerator.php(61): CCodeGenerator->prepare()
#8 /srv/www/htdocs/yii/framework/web/actions/CInlineAction.php(50): CCodeGenerator->actionIndex()
#9 /srv/www/htdocs/yii/framework/web/CController.php(300): CInlineAction->runWithParams(Array)
#10 /srv/www/htdocs/yii/framework/web/CController.php(278): CController->runAction(Object(CInlineAction))
#11 /srv/www/htdocs/yii/framework/web/CController.php(257): CController->runActionWithFilters(Object(CInlineAction), Array)
#12 /srv/www/htdocs/yii/framework/web/CWebApplication.php(277): CController->run('')
#13 /srv/www/htdocs/yii/framework/web/CWebApplication.php(136): CWebApplication->runController('gii/crud')
#14 /srv/www/htdocs/yii/framework/base/CApplication.php(158): CWebApplication->processRequest()
#15 /srv/www/htdocs/yii/Oracle/index.php(13): CApplication->run()
#16 {main} REQUEST_URI=/yii/Oracle/index.php?r=gii/crud
2011/11/16 10:31:44 [error] [exception.CDbException] exception 'CDbException' with message 'CDbConnection failed to open the DB connection: could not find driver' in /srv/www/htdocs/yii/framework/db/CDbConnection.php:364
Stack trace:
#0 /srv/www/htdocs/yii/framework/db/CDbConnection.php(313): CDbConnection->open()
#1 /srv/www/htdocs/yii/framework/db/CDbConnection.php(291): CDbConnection->setActive(true)
#2 /srv/www/htdocs/yii/framework/base/CModule.php(372): CDbConnection->init()
#3 /srv/www/htdocs/yii/framework/base/CModule.php(86): CModule->getComponent('db')
#4 /srv/www/htdocs/yii/framework/gii/generators/crud/CrudCode.php(44): CModule->__get('db')
#5 /srv/www/htdocs/yii/framework/web/CFormModel.php(40): CrudCode->init()
#6 /srv/www/htdocs/yii/framework/gii/CCodeGenerator.php(149): CFormModel->__construct()
#7 /srv/www/htdocs/yii/framework/gii/CCodeGenerator.php(61): CCodeGenerator->prepare()
#8 /srv/www/htdocs/yii/framework/web/actions/CInlineAction.php(50): CCodeGenerator->actionIndex()
#9 /srv/www/htdocs/yii/framework/web/CController.php(300): CInlineAction->runWithParams(Array)
#10 /srv/www/htdocs/yii/framework/web/CController.php(278): CController->runAction(Object(CInlineAction))
#11 /srv/www/htdocs/yii/framework/web/CController.php(257): CController->runActionWithFilters(Object(CInlineAction), Array)
#12 /srv/www/htdocs/yii/framework/web/CWebApplication.php(277): CController->run('')
#13 /srv/www/htdocs/yii/framework/web/CWebApplication.php(136): CWebApplication->runController('gii/crud')
#14 /srv/www/htdocs/yii/framework/base/CApplication.php(158): CWebApplication->processRequest()
#15 /srv/www/htdocs/yii/Oracle/index.php(13): CApplication->run()
#16 {main} REQUEST_URI=/yii/Oracle/index.php?r=gii/crud
2011/11/16 10:37:50 [error] [exception.CDbException] exception 'CDbException' with message 'CDbConnection failed to open the DB connection: could not find driver' in /srv/www/htdocs/yii/framework/db/CDbConnection.php:364
Stack trace:
#0 /srv/www/htdocs/yii/framework/db/CDbConnection.php(313): CDbConnection->open()
#1 /srv/www/htdocs/yii/framework/db/CDbConnection.php(291): CDbConnection->setActive(true)
#2 /srv/www/htdocs/yii/framework/base/CModule.php(372): CDbConnection->init()
#3 /srv/www/htdocs/yii/framework/base/CModule.php(86): CModule->getComponent('db')
#4 /srv/www/htdocs/yii/framework/gii/generators/crud/CrudCode.php(44): CModule->__get('db')
#5 /srv/www/htdocs/yii/framework/web/CFormModel.php(40): CrudCode->init()
#6 /srv/www/htdocs/yii/framework/gii/CCodeGenerator.php(149): CFormModel->__construct()
#7 /srv/www/htdocs/yii/framework/gii/CCodeGenerator.php(61): CCodeGenerator->prepare()
#8 /srv/www/htdocs/yii/framework/web/actions/CInlineAction.php(50): CCodeGenerator->actionIndex()
#9 /srv/www/htdocs/yii/framework/web/CController.php(300): CInlineAction->runWithParams(Array)
#10 /srv/www/htdocs/yii/framework/web/CController.php(278): CController->runAction(Object(CInlineAction))
#11 /srv/www/htdocs/yii/framework/web/CController.php(257): CController->runActionWithFilters(Object(CInlineAction), Array)
#12 /srv/www/htdocs/yii/framework/web/CWebApplication.php(277): CController->run('')
#13 /srv/www/htdocs/yii/framework/web/CWebApplication.php(136): CWebApplication->runController('gii/crud')
#14 /srv/www/htdocs/yii/framework/base/CApplication.php(158): CWebApplication->processRequest()
#15 /srv/www/htdocs/yii/Oracle/index.php(13): CApplication->run()
#16 {main} REQUEST_URI=/yii/Oracle/index.php?r=gii/crud
2011/11/16 10:38:00 [error] [exception.CDbException] exception 'CDbException' with message 'CDbConnection failed to open the DB connection: could not find driver' in /srv/www/htdocs/yii/framework/db/CDbConnection.php:364
Stack trace:
#0 /srv/www/htdocs/yii/framework/db/CDbConnection.php(313): CDbConnection->open()
#1 /srv/www/htdocs/yii/framework/db/CDbConnection.php(291): CDbConnection->setActive(true)
#2 /srv/www/htdocs/yii/framework/base/CModule.php(372): CDbConnection->init()
#3 /srv/www/htdocs/yii/framework/base/CModule.php(86): CModule->getComponent('db')
#4 /srv/www/htdocs/yii/framework/gii/generators/crud/CrudCode.php(44): CModule->__get('db')
#5 /srv/www/htdocs/yii/framework/web/CFormModel.php(40): CrudCode->init()
#6 /srv/www/htdocs/yii/framework/gii/CCodeGenerator.php(149): CFormModel->__construct()
#7 /srv/www/htdocs/yii/framework/gii/CCodeGenerator.php(61): CCodeGenerator->prepare()
#8 /srv/www/htdocs/yii/framework/web/actions/CInlineAction.php(50): CCodeGenerator->actionIndex()
#9 /srv/www/htdocs/yii/framework/web/CController.php(300): CInlineAction->runWithParams(Array)
#10 /srv/www/htdocs/yii/framework/web/CController.php(278): CController->runAction(Object(CInlineAction))
#11 /srv/www/htdocs/yii/framework/web/CController.php(257): CController->runActionWithFilters(Object(CInlineAction), Array)
#12 /srv/www/htdocs/yii/framework/web/CWebApplication.php(277): CController->run('')
#13 /srv/www/htdocs/yii/framework/web/CWebApplication.php(136): CWebApplication->runController('gii/crud')
#14 /srv/www/htdocs/yii/framework/base/CApplication.php(158): CWebApplication->processRequest()
#15 /srv/www/htdocs/yii/Oracle/index.php(13): CApplication->run()
#16 {main} REQUEST_URI=/yii/Oracle/index.php?r=gii/crud
2011/11/16 10:38:01 [error] [exception.CDbException] exception 'CDbException' with message 'CDbConnection failed to open the DB connection: could not find driver' in /srv/www/htdocs/yii/framework/db/CDbConnection.php:364
Stack trace:
#0 /srv/www/htdocs/yii/framework/db/CDbConnection.php(313): CDbConnection->open()
#1 /srv/www/htdocs/yii/framework/db/CDbConnection.php(291): CDbConnection->setActive(true)
#2 /srv/www/htdocs/yii/framework/base/CModule.php(372): CDbConnection->init()
#3 /srv/www/htdocs/yii/framework/base/CModule.php(86): CModule->getComponent('db')
#4 /srv/www/htdocs/yii/framework/gii/generators/crud/CrudCode.php(44): CModule->__get('db')
#5 /srv/www/htdocs/yii/framework/web/CFormModel.php(40): CrudCode->init()
#6 /srv/www/htdocs/yii/framework/gii/CCodeGenerator.php(149): CFormModel->__construct()
#7 /srv/www/htdocs/yii/framework/gii/CCodeGenerator.php(61): CCodeGenerator->prepare()
#8 /srv/www/htdocs/yii/framework/web/actions/CInlineAction.php(50): CCodeGenerator->actionIndex()
#9 /srv/www/htdocs/yii/framework/web/CController.php(300): CInlineAction->runWithParams(Array)
#10 /srv/www/htdocs/yii/framework/web/CController.php(278): CController->runAction(Object(CInlineAction))
#11 /srv/www/htdocs/yii/framework/web/CController.php(257): CController->runActionWithFilters(Object(CInlineAction), Array)
#12 /srv/www/htdocs/yii/framework/web/CWebApplication.php(277): CController->run('')
#13 /srv/www/htdocs/yii/framework/web/CWebApplication.php(136): CWebApplication->runController('gii/crud')
#14 /srv/www/htdocs/yii/framework/base/CApplication.php(158): CWebApplication->processRequest()
#15 /srv/www/htdocs/yii/Oracle/index.php(13): CApplication->run()
#16 {main} REQUEST_URI=/yii/Oracle/index.php?r=gii/crud
2011/11/16 10:38:01 [error] [exception.CDbException] exception 'CDbException' with message 'CDbConnection failed to open the DB connection: could not find driver' in /srv/www/htdocs/yii/framework/db/CDbConnection.php:364
Stack trace:
#0 /srv/www/htdocs/yii/framework/db/CDbConnection.php(313): CDbConnection->open()
#1 /srv/www/htdocs/yii/framework/db/CDbConnection.php(291): CDbConnection->setActive(true)
#2 /srv/www/htdocs/yii/framework/base/CModule.php(372): CDbConnection->init()
#3 /srv/www/htdocs/yii/framework/base/CModule.php(86): CModule->getComponent('db')
#4 /srv/www/htdocs/yii/framework/gii/generators/crud/CrudCode.php(44): CModule->__get('db')
#5 /srv/www/htdocs/yii/framework/web/CFormModel.php(40): CrudCode->init()
#6 /srv/www/htdocs/yii/framework/gii/CCodeGenerator.php(149): CFormModel->__construct()
#7 /srv/www/htdocs/yii/framework/gii/CCodeGenerator.php(61): CCodeGenerator->prepare()
#8 /srv/www/htdocs/yii/framework/web/actions/CInlineAction.php(50): CCodeGenerator->actionIndex()
#9 /srv/www/htdocs/yii/framework/web/CController.php(300): CInlineAction->runWithParams(Array)
#10 /srv/www/htdocs/yii/framework/web/CController.php(278): CController->runAction(Object(CInlineAction))
#11 /srv/www/htdocs/yii/framework/web/CController.php(257): CController->runActionWithFilters(Object(CInlineAction), Array)
#12 /srv/www/htdocs/yii/framework/web/CWebApplication.php(277): CController->run('')
#13 /srv/www/htdocs/yii/framework/web/CWebApplication.php(136): CWebApplication->runController('gii/crud')
#14 /srv/www/htdocs/yii/framework/base/CApplication.php(158): CWebApplication->processRequest()
#15 /srv/www/htdocs/yii/Oracle/index.php(13): CApplication->run()
#16 {main} REQUEST_URI=/yii/Oracle/index.php?r=gii/crud
2011/11/16 10:57:00 [error] [exception.CDbException] exception 'CDbException' with message 'CDbConnection failed to open the DB connection: could not find driver' in /srv/www/htdocs/yii/framework/db/CDbConnection.php:364
Stack trace:
#0 /srv/www/htdocs/yii/framework/db/CDbConnection.php(313): CDbConnection->open()
#1 /srv/www/htdocs/yii/framework/db/CDbConnection.php(291): CDbConnection->setActive(true)
#2 /srv/www/htdocs/yii/framework/base/CModule.php(372): CDbConnection->init()
#3 /srv/www/htdocs/yii/framework/base/CModule.php(86): CModule->getComponent('db')
#4 /srv/www/htdocs/yii/framework/gii/generators/crud/CrudCode.php(44): CModule->__get('db')
#5 /srv/www/htdocs/yii/framework/web/CFormModel.php(40): CrudCode->init()
#6 /srv/www/htdocs/yii/framework/gii/CCodeGenerator.php(149): CFormModel->__construct()
#7 /srv/www/htdocs/yii/framework/gii/CCodeGenerator.php(61): CCodeGenerator->prepare()
#8 /srv/www/htdocs/yii/framework/web/actions/CInlineAction.php(50): CCodeGenerator->actionIndex()
#9 /srv/www/htdocs/yii/framework/web/CController.php(300): CInlineAction->runWithParams(Array)
#10 /srv/www/htdocs/yii/framework/web/CController.php(278): CController->runAction(Object(CInlineAction))
#11 /srv/www/htdocs/yii/framework/web/CController.php(257): CController->runActionWithFilters(Object(CInlineAction), Array)
#12 /srv/www/htdocs/yii/framework/web/CWebApplication.php(277): CController->run('')
#13 /srv/www/htdocs/yii/framework/web/CWebApplication.php(136): CWebApplication->runController('gii/crud')
#14 /srv/www/htdocs/yii/framework/base/CApplication.php(158): CWebApplication->processRequest()
#15 /srv/www/htdocs/yii/Oracle/index.php(13): CApplication->run()
#16 {main} REQUEST_URI=/yii/Oracle/index.php?r=gii/crud
2011/11/16 10:58:15 [error] [exception.CDbException] exception 'CDbException' with message 'CDbConnection failed to open the DB connection: could not find driver' in /srv/www/htdocs/yii/framework/db/CDbConnection.php:364
Stack trace:
#0 /srv/www/htdocs/yii/framework/db/CDbConnection.php(313): CDbConnection->open()
#1 /srv/www/htdocs/yii/framework/db/CDbConnection.php(291): CDbConnection->setActive(true)
#2 /srv/www/htdocs/yii/framework/base/CModule.php(372): CDbConnection->init()
#3 /srv/www/htdocs/yii/framework/base/CModule.php(86): CModule->getComponent('db')
#4 /srv/www/htdocs/yii/framework/gii/generators/crud/CrudCode.php(44): CModule->__get('db')
#5 /srv/www/htdocs/yii/framework/web/CFormModel.php(40): CrudCode->init()
#6 /srv/www/htdocs/yii/framework/gii/CCodeGenerator.php(149): CFormModel->__construct()
#7 /srv/www/htdocs/yii/framework/gii/CCodeGenerator.php(61): CCodeGenerator->prepare()
#8 /srv/www/htdocs/yii/framework/web/actions/CInlineAction.php(50): CCodeGenerator->actionIndex()
#9 /srv/www/htdocs/yii/framework/web/CController.php(300): CInlineAction->runWithParams(Array)
#10 /srv/www/htdocs/yii/framework/web/CController.php(278): CController->runAction(Object(CInlineAction))
#11 /srv/www/htdocs/yii/framework/web/CController.php(257): CController->runActionWithFilters(Object(CInlineAction), Array)
#12 /srv/www/htdocs/yii/framework/web/CWebApplication.php(277): CController->run('')
#13 /srv/www/htdocs/yii/framework/web/CWebApplication.php(136): CWebApplication->runController('gii/crud')
#14 /srv/www/htdocs/yii/framework/base/CApplication.php(158): CWebApplication->processRequest()
#15 /srv/www/htdocs/yii/Oracle/index.php(13): CApplication->run()
#16 {main} REQUEST_URI=/yii/Oracle/index.php?r=gii/crud
2011/11/16 10:58:18 [error] [exception.CDbException] exception 'CDbException' with message 'CDbConnection failed to open the DB connection: could not find driver' in /srv/www/htdocs/yii/framework/db/CDbConnection.php:364
Stack trace:
#0 /srv/www/htdocs/yii/framework/db/CDbConnection.php(313): CDbConnection->open()
#1 /srv/www/htdocs/yii/framework/db/CDbConnection.php(291): CDbConnection->setActive(true)
#2 /srv/www/htdocs/yii/framework/base/CModule.php(372): CDbConnection->init()
#3 /srv/www/htdocs/yii/framework/base/CModule.php(86): CModule->getComponent('db')
#4 /srv/www/htdocs/yii/framework/gii/generators/crud/CrudCode.php(44): CModule->__get('db')
#5 /srv/www/htdocs/yii/framework/web/CFormModel.php(40): CrudCode->init()
#6 /srv/www/htdocs/yii/framework/gii/CCodeGenerator.php(149): CFormModel->__construct()
#7 /srv/www/htdocs/yii/framework/gii/CCodeGenerator.php(61): CCodeGenerator->prepare()
#8 /srv/www/htdocs/yii/framework/web/actions/CInlineAction.php(50): CCodeGenerator->actionIndex()
#9 /srv/www/htdocs/yii/framework/web/CController.php(300): CInlineAction->runWithParams(Array)
#10 /srv/www/htdocs/yii/framework/web/CController.php(278): CController->runAction(Object(CInlineAction))
#11 /srv/www/htdocs/yii/framework/web/CController.php(257): CController->runActionWithFilters(Object(CInlineAction), Array)
#12 /srv/www/htdocs/yii/framework/web/CWebApplication.php(277): CController->run('')
#13 /srv/www/htdocs/yii/framework/web/CWebApplication.php(136): CWebApplication->runController('gii/crud')
#14 /srv/www/htdocs/yii/framework/base/CApplication.php(158): CWebApplication->processRequest()
#15 /srv/www/htdocs/yii/Oracle/index.php(13): CApplication->run()
#16 {main} REQUEST_URI=/yii/Oracle/index.php?r=gii/crud
2011/11/16 10:58:26 [error] [exception.CDbException] exception 'CDbException' with message 'CDbConnection failed to open the DB connection: could not find driver' in /srv/www/htdocs/yii/framework/db/CDbConnection.php:364
Stack trace:
#0 /srv/www/htdocs/yii/framework/db/CDbConnection.php(313): CDbConnection->open()
#1 /srv/www/htdocs/yii/framework/db/CDbConnection.php(291): CDbConnection->setActive(true)
#2 /srv/www/htdocs/yii/framework/base/CModule.php(372): CDbConnection->init()
#3 /srv/www/htdocs/yii/framework/base/CModule.php(86): CModule->getComponent('db')
#4 /srv/www/htdocs/yii/framework/gii/generators/crud/CrudCode.php(44): CModule->__get('db')
#5 /srv/www/htdocs/yii/framework/web/CFormModel.php(40): CrudCode->init()
#6 /srv/www/htdocs/yii/framework/gii/CCodeGenerator.php(149): CFormModel->__construct()
#7 /srv/www/htdocs/yii/framework/gii/CCodeGenerator.php(61): CCodeGenerator->prepare()
#8 /srv/www/htdocs/yii/framework/web/actions/CInlineAction.php(50): CCodeGenerator->actionIndex()
#9 /srv/www/htdocs/yii/framework/web/CController.php(300): CInlineAction->runWithParams(Array)
#10 /srv/www/htdocs/yii/framework/web/CController.php(278): CController->runAction(Object(CInlineAction))
#11 /srv/www/htdocs/yii/framework/web/CController.php(257): CController->runActionWithFilters(Object(CInlineAction), Array)
#12 /srv/www/htdocs/yii/framework/web/CWebApplication.php(277): CController->run('')
#13 /srv/www/htdocs/yii/framework/web/CWebApplication.php(136): CWebApplication->runController('gii/crud')
#14 /srv/www/htdocs/yii/framework/base/CApplication.php(158): CWebApplication->processRequest()
#15 /srv/www/htdocs/yii/Oracle/index.php(13): CApplication->run()
#16 {main} REQUEST_URI=/yii/Oracle/index.php?r=gii/crud
2011/11/16 10:59:37 [error] [exception.CDbException] exception 'CDbException' with message 'CDbConnection failed to open the DB connection: could not find driver' in /srv/www/htdocs/yii/framework/db/CDbConnection.php:364
Stack trace:
#0 /srv/www/htdocs/yii/framework/db/CDbConnection.php(313): CDbConnection->open()
#1 /srv/www/htdocs/yii/framework/db/CDbConnection.php(291): CDbConnection->setActive(true)
#2 /srv/www/htdocs/yii/framework/base/CModule.php(372): CDbConnection->init()
#3 /srv/www/htdocs/yii/framework/base/CModule.php(86): CModule->getComponent('db')
#4 /srv/www/htdocs/yii/framework/gii/generators/crud/CrudCode.php(44): CModule->__get('db')
#5 /srv/www/htdocs/yii/framework/web/CFormModel.php(40): CrudCode->init()
#6 /srv/www/htdocs/yii/framework/gii/CCodeGenerator.php(149): CFormModel->__construct()
#7 /srv/www/htdocs/yii/framework/gii/CCodeGenerator.php(61): CCodeGenerator->prepare()
#8 /srv/www/htdocs/yii/framework/web/actions/CInlineAction.php(50): CCodeGenerator->actionIndex()
#9 /srv/www/htdocs/yii/framework/web/CController.php(300): CInlineAction->runWithParams(Array)
#10 /srv/www/htdocs/yii/framework/web/CController.php(278): CController->runAction(Object(CInlineAction))
#11 /srv/www/htdocs/yii/framework/web/CController.php(257): CController->runActionWithFilters(Object(CInlineAction), Array)
#12 /srv/www/htdocs/yii/framework/web/CWebApplication.php(277): CController->run('')
#13 /srv/www/htdocs/yii/framework/web/CWebApplication.php(136): CWebApplication->runController('gii/crud')
#14 /srv/www/htdocs/yii/framework/base/CApplication.php(158): CWebApplication->processRequest()
#15 /srv/www/htdocs/yii/Oracle/index.php(13): CApplication->run()
#16 {main} REQUEST_URI=/yii/Oracle/index.php?r=gii/crud
2011/11/16 11:10:40 [error] [exception.CDbException] exception 'CDbException' with message 'CDbConnection failed to open the DB connection: could not find driver' in /srv/www/htdocs/yii/framework/db/CDbConnection.php:364
Stack trace:
#0 /srv/www/htdocs/yii/framework/db/CDbConnection.php(313): CDbConnection->open()
#1 /srv/www/htdocs/yii/framework/db/CDbConnection.php(291): CDbConnection->setActive(true)
#2 /srv/www/htdocs/yii/framework/base/CModule.php(372): CDbConnection->init()
#3 /srv/www/htdocs/yii/framework/base/CModule.php(86): CModule->getComponent('db')
#4 /srv/www/htdocs/yii/framework/gii/generators/crud/CrudCode.php(44): CModule->__get('db')
#5 /srv/www/htdocs/yii/framework/web/CFormModel.php(40): CrudCode->init()
#6 /srv/www/htdocs/yii/framework/gii/CCodeGenerator.php(149): CFormModel->__construct()
#7 /srv/www/htdocs/yii/framework/gii/CCodeGenerator.php(61): CCodeGenerator->prepare()
#8 /srv/www/htdocs/yii/framework/web/actions/CInlineAction.php(50): CCodeGenerator->actionIndex()
#9 /srv/www/htdocs/yii/framework/web/CController.php(300): CInlineAction->runWithParams(Array)
#10 /srv/www/htdocs/yii/framework/web/CController.php(278): CController->runAction(Object(CInlineAction))
#11 /srv/www/htdocs/yii/framework/web/CController.php(257): CController->runActionWithFilters(Object(CInlineAction), Array)
#12 /srv/www/htdocs/yii/framework/web/CWebApplication.php(277): CController->run('')
#13 /srv/www/htdocs/yii/framework/web/CWebApplication.php(136): CWebApplication->runController('gii/crud')
#14 /srv/www/htdocs/yii/framework/base/CApplication.php(158): CWebApplication->processRequest()
#15 /srv/www/htdocs/yii/Oracle/index.php(13): CApplication->run()
#16 {main} REQUEST_URI=/yii/Oracle/index.php?r=gii/crud
2011/11/16 13:01:05 [error] [exception.CDbException] exception 'CDbException' with message 'CDbConnection failed to open the DB connection: could not find driver' in /srv/www/htdocs/yii/framework/db/CDbConnection.php:364
Stack trace:
#0 /srv/www/htdocs/yii/framework/db/CDbConnection.php(313): CDbConnection->open()
#1 /srv/www/htdocs/yii/framework/db/CDbConnection.php(291): CDbConnection->setActive(true)
#2 /srv/www/htdocs/yii/framework/base/CModule.php(372): CDbConnection->init()
#3 /srv/www/htdocs/yii/framework/base/CModule.php(86): CModule->getComponent('db')
#4 /srv/www/htdocs/yii/framework/gii/generators/crud/CrudCode.php(44): CModule->__get('db')
#5 /srv/www/htdocs/yii/framework/web/CFormModel.php(40): CrudCode->init()
#6 /srv/www/htdocs/yii/framework/gii/CCodeGenerator.php(149): CFormModel->__construct()
#7 /srv/www/htdocs/yii/framework/gii/CCodeGenerator.php(61): CCodeGenerator->prepare()
#8 /srv/www/htdocs/yii/framework/web/actions/CInlineAction.php(50): CCodeGenerator->actionIndex()
#9 /srv/www/htdocs/yii/framework/web/CController.php(300): CInlineAction->runWithParams(Array)
#10 /srv/www/htdocs/yii/framework/web/CController.php(278): CController->runAction(Object(CInlineAction))
#11 /srv/www/htdocs/yii/framework/web/CController.php(257): CController->runActionWithFilters(Object(CInlineAction), Array)
#12 /srv/www/htdocs/yii/framework/web/CWebApplication.php(277): CController->run('')
#13 /srv/www/htdocs/yii/framework/web/CWebApplication.php(136): CWebApplication->runController('gii/crud')
#14 /srv/www/htdocs/yii/framework/base/CApplication.php(158): CWebApplication->processRequest()
#15 /srv/www/htdocs/yii/Oracle/index.php(13): CApplication->run()
#16 {main} REQUEST_URI=/yii/Oracle/index.php?r=gii/crud
2011/11/16 14:54:55 [error] [exception.CDbException] exception 'CDbException' with message 'CDbConnection failed to open the DB connection: could not find driver' in /srv/www/htdocs/yii/framework/db/CDbConnection.php:364
Stack trace:
#0 /srv/www/htdocs/yii/framework/db/CDbConnection.php(313): CDbConnection->open()
#1 /srv/www/htdocs/yii/framework/db/CDbConnection.php(291): CDbConnection->setActive(true)
#2 /srv/www/htdocs/yii/framework/base/CModule.php(372): CDbConnection->init()
#3 /srv/www/htdocs/yii/framework/base/CModule.php(86): CModule->getComponent('db')
#4 /srv/www/htdocs/yii/framework/gii/generators/crud/CrudCode.php(44): CModule->__get('db')
#5 /srv/www/htdocs/yii/framework/web/CFormModel.php(40): CrudCode->init()
#6 /srv/www/htdocs/yii/framework/gii/CCodeGenerator.php(149): CFormModel->__construct()
#7 /srv/www/htdocs/yii/framework/gii/CCodeGenerator.php(61): CCodeGenerator->prepare()
#8 /srv/www/htdocs/yii/framework/web/actions/CInlineAction.php(50): CCodeGenerator->actionIndex()
#9 /srv/www/htdocs/yii/framework/web/CController.php(300): CInlineAction->runWithParams(Array)
#10 /srv/www/htdocs/yii/framework/web/CController.php(278): CController->runAction(Object(CInlineAction))
#11 /srv/www/htdocs/yii/framework/web/CController.php(257): CController->runActionWithFilters(Object(CInlineAction), Array)
#12 /srv/www/htdocs/yii/framework/web/CWebApplication.php(277): CController->run('')
#13 /srv/www/htdocs/yii/framework/web/CWebApplication.php(136): CWebApplication->runController('gii/crud')
#14 /srv/www/htdocs/yii/framework/base/CApplication.php(158): CWebApplication->processRequest()
#15 /srv/www/htdocs/yii/Oracle/index.php(13): CApplication->run()
#16 {main} REQUEST_URI=/yii/Oracle/index.php?r=gii/crud
